<?xml version="1.0" encoding="UTF-8"?>
<Site BuildName="(empty)"
	BuildStamp="20231019-0729-Experimental"
	Name="pj"
	Generator="ctest-3.16.3"
	CompilerName="/usr/bin/g++"
	CompilerVersion="9.4.0"
	OSName="Linux"
	Hostname="pj"
	OSRelease="5.15.0-86-generic"
	OSVersion="#96~20.04.1-Ubuntu SMP Thu Sep 21 13:23:37 UTC 2023"
	OSPlatform="x86_64"
	Is64Bits="1"
	VendorString="GenuineIntel"
	VendorID="Intel Corporation"
	FamilyID="6"
	ModelID="158"
	ProcessorCacheSize="8192"
	NumberOfLogicalCPU="2"
	NumberOfPhysicalCPU="2"
	TotalVirtualMemory="2047"
	TotalPhysicalMemory="7902"
	LogicalProcessorsPerPhysical="1"
	ProcessorClockFrequency="2304.01"
	>
	<Testing>
		<StartDateTime>Oct 19 15:29 CST</StartDateTime>
		<StartTestTime>1697700592</StartTestTime>
		<TestList/>
		<EndDateTime>Oct 19 15:29 CST</EndDateTime>
		<EndTestTime>1697700592</EndTestTime>
		<ElapsedMinutes>0</ElapsedMinutes>
	</Testing>
</Site>
